[R U N N E R]  С Т А Р Т   М Е Н Е Д Ж Е Р А
[server] Старт сервера
[server] [разбойник] Проснулся: Робин
[server] [сервер] старт слушателя
[server] [сервер] сокет связан с локальным адресом
[server] [сервер] слушаем клиента
[client] [1] >>>> Родился житель
[client] [3] >>>> Родился житель
[client] [2] >>>> Родился житель
[server] [сервер] соединились с клиентом
[client] [1]   подключился к серверу
[client] [3]   подключился к серверу
[client] [2]   подключился к серверу
[client] [4] >>>> Родился житель
[server] 236 [talk]  <><><>   запущен   поток   общения   с   клиентом  <><><>
[client] [5] >>>> Родился житель
[client] [1] -- Новый день: 1
[client] [3] -- Новый день: 1
[client] [6] >>>> Родился житель
[client] [2] -- Новый день: 1
[client] [4]   подключился к серверу
[server] 236 [talk] << читаем сообщение с клиента ...
[client] [5]   подключился к серверу
[client] [1] Ждет похода ... 1380 мин.
[client] [3] Ждет похода ... 299 мин.
[client] [6]   подключился к серверу
[client] [2] Ждет похода ... 798 мин.
[client] [4] -- Новый день: 1
[server] [сервер] соединились с клиентом
[client] [7] >>>> Родился житель
[client] [5] -- Новый день: 1
[client] [6] -- Новый день: 1
[client] [4] Ждет похода ... 320 мин.
[server] 252 [talk]  <><><>   запущен   поток   общения   с   клиентом  <><><>
[client] [7]   подключился к серверу
[client] [5] Ждет похода ... 970 мин.
[client] [6] Ждет похода ... 22 мин.
[server] 252 [talk] << читаем сообщение с клиента ...
[client] [7] -- Новый день: 1
[client] [6] Понес бочку
[server] [сервер] соединились с клиентом
[client] [7] Ждет похода ... 677 мин.
[client] [6]   отправляем на сервер новую бочку ...
[server] 268 [talk]  <><><>   запущен   поток   общения   с   клиентом  <><><>
[client] [6]   [v] отправил
[server] 268 [talk] << читаем сообщение с клиента ...
[client] [6]   получаем с сервера новое кол-во бочек ...
[server] [сервер] соединились с клиентом
[client] [6]   Получено: 1
[client] [3] Понес бочку
[server] 284 [talk]  <><><>   запущен   поток   общения   с   клиентом  <><><>
[client] [6] Бочек : 1
[client] [3]   отправляем на сервер новую бочку ...
[server] 284 [talk] << читаем сообщение с клиента ...
[client] [6] Вернулся домой. Спит до конца суток : 1418 мин.
[client] [3]   [v] отправил
[server] [сервер] соединились с клиентом
[client] [4] Понес бочку
[client] [3]   получаем с сервера новое кол-во бочек ...
[server] 300 [talk]  <><><>   запущен   поток   общения   с   клиентом  <><><>
[client] [4]   отправляем на сервер новую бочку ...
[client] [3]   Получено: 3
[server] 300 [talk] << читаем сообщение с клиента ...
[client] [4]   [v] отправил
[client] [3] Бочек : 3
[server] [сервер] соединились с клиентом
[client] [4]   получаем с сервера новое кол-во бочек ...
[client] [3] Вернулся домой. Спит до конца суток : 1141 мин.
[server] 316 [talk]  <><><>   запущен   поток   общения   с   клиентом  <><><>
[client] [4]   Получено: 4
[server] 316 [talk] << читаем сообщение с клиента ...
[client] [4] Бочек : 4
[server] 316 [talk] << с клиента пришло: NewBarrel [6]   
[client] [4] Вернулся домой. Спит до конца суток : 1120 мин.
[server] 316 [talk] [6]    >> клиент кол-во бочек: 1
[server] 316 [talk] [6]    [v] отправка
[server] 316 [talk] [6]    << читаем сообщение с клиента ...
[server] [сервер] соединились с клиентом
[server] 332 [talk]  <><><>   запущен   поток   общения   с   клиентом  <><><>
[server] 332 [talk] << читаем сообщение с клиента ...
[server] [сервер] соединились с клиентом
[server] 348 [talk]  <><><>   запущен   поток   общения   с   клиентом  <><><>
[server] 348 [talk] << читаем сообщение с клиента ...
[server] [сервер] соединились с клиентом
[server] 368 [talk]  <><><>   запущен   поток   общения   с   клиентом  <><><>
[server] 368 [talk] << читаем сообщение с клиента ...
[server] [сервер] соединились с клиентом
[server] 384 [talk]  <><><>   запущен   поток   общения   с   клиентом  <><><>
[server] 384 [talk] << читаем сообщение с клиента ...
[server] 348 [talk] << с клиента пришло: NewBarrel [8]   
[server] 348 [talk] [8]    >> клиент кол-во бочек: 2
[server] 348 [talk] [8]    [v] отправка
[server] 348 [talk] [8]    << читаем сообщение с клиента ...
[server] 268 [talk] << с клиента пришло: NewBarrel [3]   
[server] 268 [talk] [3]    >> клиент кол-во бочек: 3
[server] 268 [talk] [3]    [v] отправка
[server] 268 [talk] [3]    << читаем сообщение с клиента ...
[server] 284 [talk] << с клиента пришло: NewBarrel [4]   
[server] 284 [talk] [4]    >> клиент кол-во бочек: 4
[server] 284 [talk] [4]    [v] отправка
[server] 284 [talk] [4]    << читаем сообщение с клиента ...
[server] 368 [talk] << с клиента пришло: NewBarrel [9]   
[server] 368 [talk] [9]    >> клиент кол-во бочек: 5
[server] 368 [talk] [9]    [v] отправка
[server] 368 [talk] [9]    << читаем сообщение с клиента ...
[client] [7] Понес бочку
[server] 332 [talk] << с клиента пришло: NewBarrel [7]   
[client] [7]   отправляем на сервер новую бочку ...
[server] 332 [talk] [7]    >> клиент кол-во бочек: 6
[client] [7]   [v] отправил
[server] 332 [talk] [7]    [v] отправка
[client] [7]   получаем с сервера новое кол-во бочек ...
[server] 332 [talk] [7]    << читаем сообщение с клиента ...
[client] [7]   Получено: 6
[client] [2] Понес бочку
[server] [разбойник] Робин пошел за бочкой
[client] [7] Бочек : 6
[client] [2]   отправляем на сервер новую бочку ...
[server] [разбойник] Робин забрал бочку. Осталось: 5
[client] [7] Звонит в колокол
[client] [2]   [v] отправил
[server] 252 [talk] << с клиента пришло: NewBarrel [2]   
[client] [7] Вернулся домой. Спит до конца суток : 763 мин.
[client] [2]   получаем с сервера новое кол-во бочек ...
[server] 252 [talk] [2]    >> клиент кол-во бочек: 6
[client] [2]   Получено: 6
[server] 252 [talk] [2]    [v] отправка
[client] [2] Бочек : 6
[server] 252 [talk] [2]    << читаем сообщение с клиента ...
[client] [2] Звонит в колокол
[server] [разбойник] Робин забрал бочку. Осталось: 5
[client] [2] Вернулся домой. Спит до конца суток : 642 мин.
[server] [разбойник] Робин забрал бочку. Осталось: 4
[server] [разбойник] Робин забрал бочку. Осталось: 3
[server] [разбойник] Робин забрал бочку. Осталось: 2
[server] [разбойник] Робин забрал бочку. Осталось: 1
[server] [разбойник] Робин забрал бочку. Осталось: 0
[client] [5] Понес бочку
[server] 300 [talk] << с клиента пришло: NewBarrel [5]   
[client] [5]   отправляем на сервер новую бочку ...
[server] 300 [talk] [5]    >> клиент кол-во бочек: 1
[client] [5]   [v] отправил
[server] 300 [talk] [5]    [v] отправка
[client] [5]   получаем с сервера новое кол-во бочек ...
[server] 300 [talk] [5]    << читаем сообщение с клиента ...
[client] [5]   Получено: 1
[server] [разбойник] Робин пошел за бочкой
[client] [5] Бочек : 1
[server] [разбойник] Робин забрал бочку. Осталось: 0
[client] [5] Вернулся домой. Спит до конца суток : 470 мин.
[client] [1] Понес бочку
[server] 236 [talk] << с клиента пришло: NewBarrel [1]   
[client] [1]   отправляем на сервер новую бочку ...
[server] 236 [talk] [1]    >> клиент кол-во бочек: 1
[client] [1]   [v] отправил
[server] 236 [talk] [1]    [v] отправка
[client] [1]   получаем с сервера новое кол-во бочек ...
[client] [2] -- Новый день: 2
[client] [3] -- Новый день: 2
[server] 236 [talk] [1]    << читаем сообщение с клиента ...
[client] [4] -- Новый день: 2
[client] [1]   Получено: 1
[client] [6] -- Новый день: 2
[client] [5] -- Новый день: 2
[client] [2] Ждет похода ... 792 мин.
[client] [3] Ждет похода ... 610 мин.
[client] [4] Ждет похода ... 824 мин.
[client] [8] >>>> Родился житель
[client] [7] -- Новый день: 2
[server] 384 [talk] << с клиента пришло: NewBarrel [10]   
[client] [1] Бочек : 1
[client] [6] Ждет похода ... 921 мин.
[client] [5] Ждет похода ... 787 мин.
[client] [8]   подключился к серверу
[client] [7] Ждет похода ... 978 мин.
[server] 384 [talk] [10]   >> клиент кол-во бочек: 2
[client] [1] Вернулся домой. Спит до конца суток : 60 мин.
[client] [8] -- Новый день: 1
[server] 384 [talk] [10]   [v] отправка
[client] [1] -- Новый день: 2
[client] [8] Ждет похода ... 170 мин.
[server] 384 [talk] [10]   << читаем сообщение с клиента ...
[client] [1] Ждет похода ... 1360 мин.
[client] [8] Понес бочку
[server] 368 [talk] [9]    << с клиента пришло: NewBarrel [9]   
[client] [8]   отправляем на сервер новую бочку ...
[server] 368 [talk] [9]    >> клиент кол-во бочек: 3
[client] [8]   [v] отправил
[server] 368 [talk] [9]    [v] отправка
[client] [8]   получаем с сервера новое кол-во бочек ...
[server] 368 [talk] [9]    << читаем сообщение с клиента ...
[client] [8]   Получено: 2
[client] [8] Бочек : 2
[client] [8] Вернулся домой. Спит до конца суток : 1270 мин.
[client] [8] -- Новый день: 2
[client] [8] Ждет похода ... 1146 мин.
[client] [3] Понес бочку
[server] 268 [talk] [3]    << с клиента пришло: NewBarrel [3]   
[client] [3]   отправляем на сервер новую бочку ...
[server] 268 [talk] [3]    >> клиент кол-во бочек: 4
[client] [3]   [v] отправил
[server] 268 [talk] [3]    [v] отправка
[client] [3]   получаем с сервера новое кол-во бочек ...
[server] 268 [talk] [3]    << читаем сообщение с клиента ...
[client] [3]   Получено: 4
[client] [3] Бочек : 4
[client] [3] Вернулся домой. Спит до конца суток : 830 мин.
[server] 384 [talk] [10]   << с клиента пришло: NewBarrel [10]   
[client] [2] Понес бочку
[server] 384 [talk] [10]   >> клиент кол-во бочек: 5
[client] [2]   отправляем на сервер новую бочку ...
[server] 384 [talk] [10]   [v] отправка
[client] [5] Понес бочку
[client] [4] Понес бочку
[client] [2]   [v] отправил
[server] 384 [talk] [10]   << читаем сообщение с клиента ...
[client] [5]   отправляем на сервер новую бочку ...
[client] [4]   отправляем на сервер новую бочку ...
[client] [2]   получаем с сервера новое кол-во бочек ...
[server] 252 [talk] [2]    << с клиента пришло: NewBarrel [2]   
[client] [5]   [v] отправил
[client] [4]   [v] отправил
[client] [2]   Получено: 6
[client] [6] Понес бочку
[server] 252 [talk] [2]    >> клиент кол-во бочек: 6
[client] [5]   получаем с сервера новое кол-во бочек ...
[client] [4]   получаем с сервера новое кол-во бочек ...
[client] [2] Бочек : 6
[client] [6]   отправляем на сервер новую бочку ...
[server] 252 [talk] [2]    [v] отправка
[client] [7] Понес бочку
[client] [5]   Получено: 6
[client] [4]   Получено: 7
[client] [2] Звонит в колокол
[client] [6]   [v] отправил
[server] 252 [talk] [2]    << читаем сообщение с клиента ...
[client] [7]   отправляем на сервер новую бочку ...
[client] [5] Бочек : 6
[client] [4] Бочек : 7
[client] [2] Вернулся домой. Спит до конца суток : 648 мин.
[client] [6]   получаем с сервера новое кол-во бочек ...
[server] [разбойник] Робин пошел за бочкой
[client] [8] Понес бочку
[client] [7]   [v] отправил
[client] [5] Звонит в колокол
[client] [4] Звонит в колокол
[client] [6]   Получено: 1
[server] [разбойник] Робин забрал бочку. Осталось: 5
[client] [8]   отправляем на сервер новую бочку ...
[client] [7]   получаем с сервера новое кол-во бочек ...
[client] [5] Вернулся домой. Спит до конца суток : 653 мин.
[client] [1] Понес бочку
[client] [4] Вернулся домой. Спит до конца суток : 616 мин.
[client] [6] Бочек : 1
[server] 300 [talk] [5]    << с клиента пришло: NewBarrel [5]   
[client] [8]   [v] отправил
[client] [7]   Получено: 2
[client] [1]   отправляем на сервер новую бочку ...
[client] [2] -- Новый день: 3
[client] [3] -- Новый день: 3
[client] [4] -- Новый день: 3
[client] [6] Вернулся домой. Спит до конца суток : 519 мин.
[server] 300 [talk] [5]    >> клиент кол-во бочек: 6
[client] [8]   получаем с сервера новое кол-во бочек ...
[client] [5] -- Новый день: 3
[client] [7] Бочек : 2
[client] [1]   [v] отправил
[client] [2] Ждет похода ... 1250 мин.
[client] [3] Ждет похода ... 282 мин.
[client] [4] Ждет похода ... 591 мин.
[client] [6] -- Новый день: 3
[server] 300 [talk] [5]    [v] отправка
[client] [8]   Получено: 3
[client] [5] Ждет похода ... 1317 мин.
[client] [7] Вернулся домой. Спит до конца суток : 462 мин.
[client] [1]   получаем с сервера новое кол-во бочек ...
[client] [6] Ждет похода ... 1356 мин.
[server] 300 [talk] [5]    << читаем сообщение с клиента ...
[client] [8] Бочек : 3
[client] [7] -- Новый день: 3
[client] [1]   Получено: 4
[server] 284 [talk] [4]    << с клиента пришло: NewBarrel [4]   
[client] [8] Вернулся домой. Спит до конца суток : 294 мин.
[client] [7] Ждет похода ... 425 мин.
[client] [1] Бочек : 4
[server] 284 [talk] [4]    >> клиент кол-во бочек: 7
[client] [8] -- Новый день: 3
[client] [1] Вернулся домой. Спит до конца суток : 80 мин.
[server] 284 [talk] [4]    [v] отправка
[client] [8] Ждет похода ... 807 мин.
[client] [1] -- Новый день: 3
[server] 284 [talk] [4]    << читаем сообщение с клиента ...
[client] [1] Ждет похода ... 742 мин.
[server] [разбойник] Робин забрал бочку. Осталось: 6
[client] [3] Понес бочку
[server] [разбойник] Робин зовет друзей
[client] [3]   отправляем на сервер новую бочку ...
[server] [разбойник] Проснулся: Друг
[client] [3]   [v] отправил
[server] [разбойник] Проснулся: Друг
[client] [3]   получаем с сервера новое кол-во бочек ...
[server] [разбойник] Друг пошел за бочкой
[client] [3]   Получено: 6
[server] [разбойник] Друг пошел за бочкой
[client] [3] Бочек : 6
[server] [разбойник] Друг забрал бочку. Осталось: 5
[client] [3] Звонит в колокол
[server] [разбойник] Друг забрал бочку. Осталось: 3
[client] [3] Вернулся домой. Спит до конца суток : 1158 мин.
[server] [разбойник] Робин забрал бочку. Осталось: 4
[server] [разбойник] Друг забрал бочку. Осталось: 1
[server] [разбойник] Друг забрал бочку. Осталось: 2
[server] [разбойник] Робин забрал бочку. Осталось: 0
[server] [разбойник] Друг всё, пока
[server] [разбойник] Друг всё, пока
[server] [разбойник] Робин пошел за бочкой
[server] [разбойник] Робин Бочек нет, зря ходили :
[server] 316 [talk] [6]    << с клиента пришло: NewBarrel [6]   
[server] 316 [talk] [6]    >> клиент кол-во бочек: 1
[server] 316 [talk] [6]    [v] отправка
[server] 316 [talk] [6]    << читаем сообщение с клиента ...
[server] 332 [talk] [7]    << с клиента пришло: NewBarrel [7]   
[server] 332 [talk] [7]    >> клиент кол-во бочек: 2
[server] 332 [talk] [7]    [v] отправка
[server] 332 [talk] [7]    << читаем сообщение с клиента ...
[server] 348 [talk] [8]    << с клиента пришло: NewBarrel [8]   
[server] 348 [talk] [8]    >> клиент кол-во бочек: 3
[server] 348 [talk] [8]    [v] отправка
[server] 348 [talk] [8]    << читаем сообщение с клиента ...
[server] 236 [talk] [1]    << с клиента пришло: NewBarrel [1]   
[server] 236 [talk] [1]    >> клиент кол-во бочек: 4
[server] 236 [talk] [1]    [v] отправка
[server] 236 [talk] [1]    << читаем сообщение с клиента ...
[server] 368 [talk] [9]    << с клиента пришло: NewBarrel [9]   
[server] 368 [talk] [9]    >> клиент кол-во бочек: 5
[server] 368 [talk] [9]    [v] отправка
[server] 368 [talk] [9]    << читаем сообщение с клиента ...
[server] 268 [talk] [3]    << с клиента пришло: NewBarrel [3]   
[server] 268 [talk] [3]    >> клиент кол-во бочек: 6
[client] [7] Понес бочку
[server] 268 [talk] [3]    [v] отправка
[client] [7]   отправляем на сервер новую бочку ...
[server] 268 [talk] [3]    << читаем сообщение с клиента ...
[client] [7]   [v] отправил
[server] [разбойник] Робин пошел за бочкой
[client] [7]   получаем с сервера новое кол-во бочек ...
[server] [разбойник] Робин забрал бочку. Осталось: 5
[client] [7]   Получено: 1
[server] [разбойник] Робин забрал бочку. Осталось: 4
[client] [7] Бочек : 1
[server] [разбойник] Робин забрал бочку. Осталось: 3
[client] [7] Вернулся домой. Спит до конца суток : 1015 мин.
[server] [разбойник] Робин забрал бочку. Осталось: 2
[server] [разбойник] Робин забрал бочку. Осталось: 1
[server] [разбойник] Робин забрал бочку. Осталось: 0
[server] 332 [talk] [7]    << с клиента пришло: NewBarrel [7]   
[client] [4] Понес бочку
[server] 332 [talk] [7]    >> клиент кол-во бочек: 1
[client] [4]   отправляем на сервер новую бочку ...
[server] 332 [talk] [7]    [v] отправка
[client] [4]   [v] отправил
[server] 332 [talk] [7]    << читаем сообщение с клиента ...
[client] [4]   получаем с сервера новое кол-во бочек ...
[server] 284 [talk] [4]    << с клиента пришло: NewBarrel [4]   
[client] [4]   Получено: 2
[server] 284 [talk] [4]    >> клиент кол-во бочек: 2
[client] [4] Бочек : 2
[server] 284 [talk] [4]    [v] отправка
[client] [4] Вернулся домой. Спит до конца суток : 849 мин.
[server] 284 [talk] [4]    << читаем сообщение с клиента ...
[client] [1] Понес бочку
[server] 236 [talk] [1]    << с клиента пришло: NewBarrel [1]   
[client] [1]   отправляем на сервер новую бочку ...
[server] 236 [talk] [1]    >> клиент кол-во бочек: 3
[client] [1]   [v] отправил
[server] 236 [talk] [1]    [v] отправка
[client] [1]   получаем с сервера новое кол-во бочек ...
[server] 236 [talk] [1]    << читаем сообщение с клиента ...
[client] [1]   Получено: 3
[client] [1] Бочек : 3
[client] [1] Вернулся домой. Спит до конца суток : 698 мин.
[server] 384 [talk] [10]   << с клиента пришло: NewBarrel [10]   
[server] 384 [talk] [10]   >> клиент кол-во бочек: 4
[server] 384 [talk] [10]   [v] отправка
[server] 384 [talk] [10]   << читаем сообщение с клиента ...
[client] [8] Понес бочку
[server] 348 [talk] [8]    << с клиента пришло: NewBarrel [8]   
[client] [8]   отправляем на сервер новую бочку ...
[server] 348 [talk] [8]    >> клиент кол-во бочек: 5
[client] [8]   [v] отправил
[server] 348 [talk] [8]    [v] отправка
[client] [8]   получаем с сервера новое кол-во бочек ...
[server] 348 [talk] [8]    << читаем сообщение с клиента ...
[client] [8]   Получено: 5
[client] [8] Бочек : 5
[client] [8] Вернулся домой. Спит до конца суток : 633 мин.
[client] [2] Понес бочку
[server] 252 [talk] [2]    << с клиента пришло: NewBarrel [2]   
[client] [2]   отправляем на сервер новую бочку ...
[server] 252 [talk] [2]    >> клиент кол-во бочек: 6
[client] [2]   [v] отправил
[server] 252 [talk] [2]    [v] отправка
[client] [2]   получаем с сервера новое кол-во бочек ...
[server] 252 [talk] [2]    << читаем сообщение с клиента ...
[client] [2]   Получено: 6
[server] [разбойник] Робин пошел за бочкой
[client] [2] Бочек : 6
[server] [разбойник] Робин забрал бочку. Осталось: 5
[client] [2] Звонит в колокол
[server] [разбойник] Робин забрал бочку. Осталось: 4
[client] [5] Понес бочку
[client] [2] Вернулся домой. Спит до конца суток : 190 мин.
[server] [разбойник] Робин забрал бочку. Осталось: 3
[client] [5]   отправляем на сервер новую бочку ...
[server] 300 [talk] [5]    << с клиента пришло: NewBarrel [5]   
[client] [5]   [v] отправил
[server] 300 [talk] [5]    >> клиент кол-во бочек: 4
[client] [5]   получаем с сервера новое кол-во бочек ...
[server] 300 [talk] [5]    [v] отправка
[client] [5]   Получено: 4
[client] [6] Понес бочку
[server] 300 [talk] [5]    << читаем сообщение с клиента ...
[client] [5] Бочек : 4
[client] [6]   отправляем на сервер новую бочку ...
[server] [разбойник] Робин забрал бочку. Осталось: 3
[client] [5] Вернулся домой. Спит до конца суток : 123 мин.
[client] [6]   [v] отправил
[client] [1] -- Новый день: 4
[server] 316 [talk] [6]    << с клиента пришло: NewBarrel [6]   
[client] [2] -- Новый день: 4
[client] [6]   получаем с сервера новое кол-во бочек ...
[client] [1] Ждет похода ... 949 мин.
[client] [3] -- Новый день: 4
[client] [4] -- Новый день: 4
[server] 316 [talk] [6]    >> клиент кол-во бочек: 4
[client] [2] Ждет похода ... 818 мин.
[client] [6]   Получено: 4
[client] [3] Ждет похода ... 717 мин.
[client] [4] Ждет похода ... 875 мин.
[server] 316 [talk] [6]    [v] отправка
[client] [5] -- Новый день: 4
[client] [6] Бочек : 4
[server] 316 [talk] [6]    << читаем сообщение с клиента ...
[client] [5] Ждет похода ... 225 мин.
[client] [6] Вернулся домой. Спит до конца суток : 84 мин.
[server] [разбойник] Робин забрал бочку. Осталось: 3
[client] [7] -- Новый день: 4
[client] [8] -- Новый день: 4
[client] [6] -- Новый день: 4
[server] [разбойник] Робин забрал бочку. Осталось: 2
[client] [7] Ждет похода ... 118 мин.
[client] [8] Ждет похода ... 1060 мин.
[client] [6] Ждет похода ... 1133 мин.
[server] [разбойник] Робин забрал бочку. Осталось: 1
[server] [разбойник] Робин забрал бочку. Осталось: 0
[client] [7] Понес бочку
[server] 332 [talk] [7]    << с клиента пришло: NewBarrel [7]   
[client] [7]   отправляем на сервер новую бочку ...
[server] 332 [talk] [7]    >> клиент кол-во бочек: 1
[client] [7]   [v] отправил
[server] 332 [talk] [7]    [v] отправка
[client] [5] Понес бочку
[client] [7]   получаем с сервера новое кол-во бочек ...
[server] 332 [talk] [7]    << читаем сообщение с клиента ...
[client] [5]   отправляем на сервер новую бочку ...
[client] [7]   Получено: 1
[server] 300 [talk] [5]    << с клиента пришло: NewBarrel [5]   
[client] [5]   [v] отправил
[client] [7] Бочек : 1
[server] 300 [talk] [5]    >> клиент кол-во бочек: 2
[client] [5]   получаем с сервера новое кол-во бочек ...
[client] [7] Вернулся домой. Спит до конца суток : 1322 мин.
[server] 300 [talk] [5]    [v] отправка
[client] [5]   Получено: 2
[server] 300 [talk] [5]    << читаем сообщение с клиента ...
[client] [5] Бочек : 2
[server] 368 [talk] [9]    << с клиента пришло: NewBarrel [9]   
[client] [5] Вернулся домой. Спит до конца суток : 1215 мин.
[server] 368 [talk] [9]    >> клиент кол-во бочек: 3
[server] 368 [talk] [9]    [v] отправка
[server] 368 [talk] [9]    << читаем сообщение с клиента ...
[client] [3] Понес бочку
[server] 268 [talk] [3]    << с клиента пришло: NewBarrel [3]   
[client] [3]   отправляем на сервер новую бочку ...
[server] 268 [talk] [3]    >> клиент кол-во бочек: 4
[client] [3]   [v] отправил
[server] 268 [talk] [3]    [v] отправка
[client] [3]   получаем с сервера новое кол-во бочек ...
[server] 268 [talk] [3]    << читаем сообщение с клиента ...
[client] [2] Понес бочку
[client] [3]   Получено: 4
[server] 252 [talk] [2]    << с клиента пришло: NewBarrel [2]   
[client] [2]   отправляем на сервер новую бочку ...
[client] [3] Бочек : 4
[client] [4] Понес бочку
[server] 252 [talk] [2]    >> клиент кол-во бочек: 5
[client] [2]   [v] отправил
[client] [3] Вернулся домой. Спит до конца суток : 723 мин.
[client] [4]   отправляем на сервер новую бочку ...
[client] [1] Понес бочку
[server] 252 [talk] [2]    [v] отправка
[client] [2]   получаем с сервера новое кол-во бочек ...
[client] [4]   [v] отправил
[client] [1]   отправляем на сервер новую бочку ...
[server] 252 [talk] [2]    << читаем сообщение с клиента ...
[client] [2]   Получено: 5
[client] [4]   получаем с сервера новое кол-во бочек ...
[client] [1]   [v] отправил
[server] 284 [talk] [4]    << с клиента пришло: NewBarrel [4]   
[client] [2] Бочек : 5
[client] [4]   Получено: 6
[client] [1]   получаем с сервера новое кол-во бочек ...
[server] 284 [talk] [4]    >> клиент кол-во бочек: 6
[client] [8] Понес бочку
[client] [2] Вернулся домой. Спит до конца суток : 622 мин.
[client] [4] Бочек : 6
[client] [6] Понес бочку
[client] [1]   Получено: 5
[server] 284 [talk] [4]    [v] отправка
[client] [8]   отправляем на сервер новую бочку ...
[client] [4] Звонит в колокол
[client] [6]   отправляем на сервер новую бочку ...
[client] [1] Бочек : 5
[server] 284 [talk] [4]    << читаем сообщение с клиента ...
[client] [8]   [v] отправил
[client] [4] Вернулся домой. Спит до конца суток : 565 мин.
[client] [6]   [v] отправил
[client] [1] Вернулся домой. Спит до конца суток : 491 мин.
[server] [разбойник] Робин пошел за бочкой
[client] [8]   получаем с сервера новое кол-во бочек ...
[client] [6]   получаем с сервера новое кол-во бочек ...
[server] [разбойник] Робин забрал бочку. Осталось: 5
[client] [1] -- Новый день: 5
[client] [8]   Получено: 1
[client] [2] -- Новый день: 5
[client] [4] -- Новый день: 5
[client] [6]   Получено: 2
[server] [разбойник] Робин забрал бочку. Осталось: 4
[client] [1] Ждет похода ... 355 мин.
[client] [5] -- Новый день: 5
[client] [8] Бочек : 1
[client] [2] Ждет похода ... 1158 мин.
[client] [4] Ждет похода ... 1353 мин.
[client] [6] Бочек : 2
[client] [7] -- Новый день: 5
[server] 236 [talk] [1]    << с клиента пришло: NewBarrel [1]   
[client] [5] Ждет похода ... 197 мин.
[client] [8] Вернулся домой. Спит до конца суток : 380 мин.
[client] [6] Вернулся домой. Спит до конца суток : 307 мин.
[client] [7] Ждет похода ... 1352 мин.
[server] 236 [talk] [1]    >> клиент кол-во бочек: 5
[client] [8] -- Новый день: 5
[client] [6] -- Новый день: 5
[client] [5] Понес бочку
[server] 236 [talk] [1]    [v] отправка
[client] [8] Ждет похода ... 658 мин.
[client] [6] Ждет похода ... 862 мин.
[client] [5]   отправляем на сервер новую бочку ...
[server] 236 [talk] [1]    << читаем сообщение с клиента ...
[client] [5]   [v] отправил
[server] [разбойник] Робин забрал бочку. Осталось: 4
[client] [5]   получаем с сервера новое кол-во бочек ...
[server] [разбойник] Робин забрал бочку. Осталось: 3
[client] [5]   Получено: 4
[server] [разбойник] Робин забрал бочку. Осталось: 2
[client] [5] Бочек : 4
[server] [разбойник] Робин забрал бочку. Осталось: 1
[client] [5] Вернулся домой. Спит до конца суток : 1243 мин.
[client] [1] Понес бочку
[server] [разбойник] Робин забрал бочку. Осталось: 0
[client] [1]   отправляем на сервер новую бочку ...
[server] 348 [talk] [8]    << с клиента пришло: NewBarrel [8]   
[client] [1]   [v] отправил
[server] 348 [talk] [8]    >> клиент кол-во бочек: 1
[client] [1]   получаем с сервера новое кол-во бочек ...
[server] 348 [talk] [8]    [v] отправка
[client] [1]   Получено: 6
[server] 348 [talk] [8]    << читаем сообщение с клиента ...
[client] [1] Бочек : 6
[server] 316 [talk] [6]    << с клиента пришло: NewBarrel [6]   
[client] [1] Звонит в колокол
[server] 316 [talk] [6]    >> клиент кол-во бочек: 2
[client] [1] Вернулся домой. Спит до конца суток : 1085 мин.
[server] 316 [talk] [6]    [v] отправка
[server] 316 [talk] [6]    << читаем сообщение с клиента ...
[server] 384 [talk] [10]   << с клиента пришло: NewBarrel [10]   
[server] 384 [talk] [10]   >> клиент кол-во бочек: 3
[server] 384 [talk] [10]   [v] отправка
[server] 384 [talk] [10]   << читаем сообщение с клиента ...
[server] 300 [talk] [5]    << с клиента пришло: NewBarrel [5]   
[server] 300 [talk] [5]    >> клиент кол-во бочек: 4
[server] 300 [talk] [5]    [v] отправка
[server] 300 [talk] [5]    << читаем сообщение с клиента ...
[server] 368 [talk] [9]    << с клиента пришло: NewBarrel [9]   
[server] 368 [talk] [9]    >> клиент кол-во бочек: 5
[server] 368 [talk] [9]    [v] отправка
[server] 368 [talk] [9]    << читаем сообщение с клиента ...
[server] 236 [talk] [1]    << с клиента пришло: NewBarrel [1]   
[server] 236 [talk] [1]    >> клиент кол-во бочек: 6
[server] 236 [talk] [1]    [v] отправка
[server] 236 [talk] [1]    << читаем сообщение с клиента ...
[server] [разбойник] Робин пошел за бочкой
[server] [разбойник] Робин забрал бочку. Осталось: 5
[server] [разбойник] Робин забрал бочку. Осталось: 4
[server] 268 [talk] [3]    << с клиента пришло: NewBarrel [3]   
[server] 268 [talk] [3]    >> клиент кол-во бочек: 5
[server] 268 [talk] [3]    [v] отправка
[server] 268 [talk] [3]    << читаем сообщение с клиента ...
[server] [разбойник] Робин забрал бочку. Осталось: 4
[server] [разбойник] Робин забрал бочку. Осталось: 3
[server] [разбойник] Робин забрал бочку. Осталось: 2
[server] [разбойник] Робин забрал бочку. Осталось: 1
[server] [разбойник] Робин забрал бочку. Осталось: 0
[client] [8] Понес бочку
[server] 348 [talk] [8]    << с клиента пришло: NewBarrel [8]   
[client] [8]   отправляем на сервер новую бочку ...
[server] 348 [talk] [8]    >> клиент кол-во бочек: 1
[client] [8]   [v] отправил
[server] 348 [talk] [8]    [v] отправка
[client] [8]   получаем с сервера новое кол-во бочек ...
[server] 348 [talk] [8]    << читаем сообщение с клиента ...
[client] [8]   Получено: 1
[client] [8] Бочек : 1
[client] [8] Вернулся домой. Спит до конца суток : 782 мин.
[client] [6] Понес бочку
[server] 316 [talk] [6]    << с клиента пришло: NewBarrel [6]   
[client] [6]   отправляем на сервер новую бочку ...
[server] 316 [talk] [6]    >> клиент кол-во бочек: 2
[client] [6]   [v] отправил
[server] 316 [talk] [6]    [v] отправка
[client] [6]   получаем с сервера новое кол-во бочек ...
[server] 316 [talk] [6]    << читаем сообщение с клиента ...
[client] [6]   Получено: 2
[client] [6] Бочек : 2
[client] [6] Вернулся домой. Спит до конца суток : 578 мин.
[client] [2] Понес бочку
[server] 252 [talk] [2]    << с клиента пришло: NewBarrel [2]   
[client] [2]   отправляем на сервер новую бочку ...
[server] 252 [talk] [2]    >> клиент кол-во бочек: 3
[client] [2]   [v] отправил
[server] 252 [talk] [2]    [v] отправка
[client] [2]   получаем с сервера новое кол-во бочек ...
[server] 252 [talk] [2]    << читаем сообщение с клиента ...
[client] [2]   Получено: 3
[server] 384 [talk] [10]   << с клиента пришло: NewBarrel [10]   
[client] [2] Бочек : 3
[server] 384 [talk] [10]   >> клиент кол-во бочек: 4
[client] [2] Вернулся домой. Спит до конца суток : 282 мин.
[server] 384 [talk] [10]   [v] отправка
[server] 384 [talk] [10]   << читаем сообщение с клиента ...
[client] [4] Понес бочку
[server] 284 [talk] [4]    << с клиента пришло: NewBarrel [4]   
[client] [4]   отправляем на сервер новую бочку ...
[server] 284 [talk] [4]    >> клиент кол-во бочек: 5
[client] [4]   [v] отправил
[server] 284 [talk] [4]    [v] отправка
[client] [1] <<<< Житель всё
[client] [4]   получаем с сервера новое кол-во бочек ...
[client] [2] <<<< Житель всё
[client] [7] Понес бочку
[server] 284 [talk] [4]    << читаем сообщение с клиента ...
[client] [1]   отключились от сервера
[client] [4]   Получено: 5
[client] [2]   отключились от сервера
[client] [6] <<<< Житель всё
[client] [5] <<<< Житель всё
[client] [8] <<<< Житель всё
[client] [7]   отправляем на сервер новую бочку ...
[server] 236 [talk] [1]    >< конец связи
[client] [9] >>>> Родился житель
[client] [4] Бочек : 5
[client] [10] >>>> Родился житель
[client] [6]   отключились от сервера
[client] [5]   отключились от сервера
[client] [8]   отключились от сервера
[client] [7]   [v] отправил
[server] 252 [talk] [2]    >< конец связи
[client] [9]   подключился к серверу
[client] [4] Вернулся домой. Спит до конца суток : 87 мин.
[client] [10]   подключился к серверу
[client] [3] -- Новый день: 5
[client] [7]   получаем с сервера новое кол-во бочек ...
[server] 332 [talk] [7]    << с клиента пришло: NewBarrel [7]   
[client] [9] -- Новый день: 1
[client] [4] <<<< Житель всё
[client] [10] -- Новый день: 1
[client] [3] Ждет похода ... 425 мин.
[client] [7]   Получено: 6
[server] 332 [talk] [7]    >> клиент кол-во бочек: 6
[client] [9] Ждет похода ... 346 мин.
[client] [4]   отключились от сервера
[client] [10] Ждет похода ... 1435 мин.
[client] [3] Понес бочку
[client] [7] Бочек : 6
[server] 332 [talk] [7]    [v] отправка
[client] [9] Понес бочку
[client] [10] Понес бочку
[client] [3]   отправляем на сервер новую бочку ...
[client] [7] Звонит в колокол
[server] 332 [talk] [7]    << читаем сообщение с клиента ...
[client] [9]   отправляем на сервер новую бочку ...
[client] [10]   отправляем на сервер новую бочку ...
[client] [3]   [v] отправил
[client] [7] Вернулся домой. Спит до конца суток : 88 мин.
[server] [разбойник] Робин пошел за бочкой
[client] [9]   [v] отправил
[client] [10]   [v] отправил
[client] [3]   получаем с сервера новое кол-во бочек ...
[client] [7] <<<< Житель всё
[server] 284 [talk] [4]    >< конец связи
[client] [9]   получаем с сервера новое кол-во бочек ...
[client] [10]   получаем с сервера новое кол-во бочек ...
[client] [3]   Получено: 5
[client] [7]   отключились от сервера
[server] 268 [talk] [3]    >< конец связи
[client] [9]   Получено: 5
[client] [10]   Получено: 2
[client] [3] Бочек : 5
[server] [разбойник] Робин забрал бочку. Осталось: 5
[client] [9] Бочек : 5
[client] [10] Бочек : 2
[client] [3] Вернулся домой. Спит до конца суток : 1015 мин.
[server] 316 [talk] [6]    >< конец связи
[client] [9] Вернулся домой. Спит до конца суток : 1094 мин.
[client] [10] Вернулся домой. Спит до конца суток : 5 мин.
[client] [3] <<<< Житель всё
[server] 300 [talk] [5]    >< конец связи
[client] [9] -- Новый день: 2
[client] [10] -- Новый день: 2
[client] [3]   отключились от сервера
[server] [разбойник] Робин забрал бочку. Осталось: 4
[client] [9] Ждет похода ... 54 мин.
[client] [10] Ждет похода ... 701 мин.
[server] 384 [talk] [10]   >< конец связи
[client] [9] Понес бочку
[client] [10] Понес бочку
[server] 368 [talk] [9]    >< конец связи
[client] [9]   отправляем на сервер новую бочку ...
[client] [10]   отправляем на сервер новую бочку ...
[server] [разбойник] Робин забрал бочку. Осталось: 3
[client] [9]   [v] отправил
[client] [10]   [v] отправил
[server] 348 [talk] [8]    >< конец связи
[client] [9]   получаем с сервера новое кол-во бочек ...
[client] [10]   получаем с сервера новое кол-во бочек ...
[server] 332 [talk] [7]    >< конец связи
[client] [9]   Получено: 3
[client] [10]   Получено: 5
[server] [разбойник] Робин забрал бочку. Осталось: 2
[client] [9] Бочек : 3
[client] [10] Бочек : 5
[server] [разбойник] Робин забрал бочку. Осталось: 1
[client] [9] Вернулся домой. Спит до конца суток : 1386 мин.
[client] [10] Вернулся домой. Спит до конца суток : 739 мин.
[server] [разбойник] Робин забрал бочку. Осталось: 0
[client] [9] -- Новый день: 3
[client] [10] -- Новый день: 3
[client] [9] Ждет похода ... 195 мин.
[client] [10] Ждет похода ... 764 мин.
[client] [9] Понес бочку
[client] [10] Понес бочку
[client] [9]   отправляем на сервер новую бочку ...
[client] [10]   отправляем на сервер новую бочку ...
[client] [9]   [v] отправил
[client] [10]   [v] отправил
[client] [9]   получаем с сервера новое кол-во бочек ...
[client] [10]   получаем с сервера новое кол-во бочек ...
[client] [9]   Получено: 5
[client] [10]   Получено: 4
[client] [9] Бочек : 5
[client] [10] Бочек : 4
[client] [9] Вернулся домой. Спит до конца суток : 1245 мин.
[client] [10] Вернулся домой. Спит до конца суток : 676 мин.
[client] [9] -- Новый день: 4
[client] [10] -- Новый день: 4
[client] [9] Ждет похода ... 325 мин.
[client] [10] Ждет похода ... 1216 мин.
[client] [9] Понес бочку
[client] [10] Понес бочку
[client] [9]   отправляем на сервер новую бочку ...
[client] [10]   отправляем на сервер новую бочку ...
[client] [9]   [v] отправил
[client] [10]   [v] отправил
[client] [9]   получаем с сервера новое кол-во бочек ...
[client] [10]   получаем с сервера новое кол-во бочек ...
[client] [9]   Получено: 3
[client] [10]   Получено: 3
[client] [9] Бочек : 3
[client] [10] Бочек : 3
[client] [9] Вернулся домой. Спит до конца суток : 1115 мин.
[client] [10] Вернулся домой. Спит до конца суток : 224 мин.
[client] [9] -- Новый день: 5
[client] [10] -- Новый день: 5
[client] [9] Ждет похода ... 244 мин.
[client] [10] Ждет похода ... 1139 мин.
[client] [9] Понес бочку
[client] [10] Понес бочку
[client] [9]   отправляем на сервер новую бочку ...
[client] [10]   отправляем на сервер новую бочку ...
[client] [9]   [v] отправил
[client] [10]   [v] отправил
[client] [9]   получаем с сервера новое кол-во бочек ...
[client] [10]   получаем с сервера новое кол-во бочек ...
[client] [9]   Получено: 5
[client] [10]   Получено: 4
[client] [9] Бочек : 5
[client] [10] Бочек : 4
[client] [9] Вернулся домой. Спит до конца суток : 1196 мин.
[client] [10] Вернулся домой. Спит до конца суток : 301 мин.
[client] [9] <<<< Житель всё
[client] [10] <<<< Житель всё
[client] [9]   отключились от сервера
[client] [10]   отключились от сервера
[server] [СТАТИСТИКА] ====
[server] [СТАТИСТИКА] Бочек принесли (шт): 50
[server] [СТАТИСТИКА] Звал друзей (раз): 1
[server] [СТАТИСТИКА] ====
[R U N N E R]  Ф И Н И Ш   М Е Н Е Д Ж Е Р А
